<?xml version="1.0" encoding="UTF-8"?>
<testng-results skipped="0" failed="0" ignored="0" total="2" passed="2">
  <reporter-output>
  </reporter-output>
  <suite name="TestSuite" duration-ms="24494" started-at="2017-12-10T22:36:25Z" finished-at="2017-12-10T22:36:50Z">
    <groups>
    </groups>
    <test name="ChromeTest" duration-ms="24033" started-at="2017-12-10T22:36:25Z" finished-at="2017-12-10T22:36:50Z">
      <class name="com.github.automation.tests.GitHubTest">
        <test-method status="PASS" signature="setup(java.lang.String)[pri:0, instance:com.github.automation.tests.GitHubTest@20e2cbe0]" name="setup" is-config="true" duration-ms="3192" started-at="2017-12-11T00:36:26Z" finished-at="2017-12-11T00:36:29Z">
          <params>
            <param index="0">
              <value>
                <![CDATA[Chrome]]>
              </value>
            </param>
          </params>
          <reporter-output>
          </reporter-output>
        </test-method> <!-- setup -->
        <test-method status="PASS" signature="testGitHubLoggedInUserCreatingRepositoryAndNewIssue()[pri:0, instance:com.github.automation.tests.GitHubTest@20e2cbe0]" name="testGitHubLoggedInUserCreatingRepositoryAndNewIssue" duration-ms="20166" started-at="2017-12-11T00:36:29Z" finished-at="2017-12-11T00:36:49Z">
          <reporter-output>
          </reporter-output>
        </test-method> <!-- testGitHubLoggedInUserCreatingRepositoryAndNewIssue -->
        <test-method status="PASS" signature="tearDown()[pri:0, instance:com.github.automation.tests.GitHubTest@20e2cbe0]" name="tearDown" is-config="true" duration-ms="646" started-at="2017-12-11T00:36:49Z" finished-at="2017-12-11T00:36:50Z">
          <reporter-output>
          </reporter-output>
        </test-method> <!-- tearDown -->
      </class> <!-- com.github.automation.tests.GitHubTest -->
    </test> <!-- ChromeTest -->
    <test name="FirefoxTest" duration-ms="24494" started-at="2017-12-10T22:36:25Z" finished-at="2017-12-10T22:36:50Z">
      <class name="com.github.automation.tests.GitHubTest">
        <test-method status="PASS" signature="setup(java.lang.String)[pri:0, instance:com.github.automation.tests.GitHubTest@28d25987]" name="setup" is-config="true" duration-ms="11070" started-at="2017-12-11T00:36:26Z" finished-at="2017-12-11T00:36:37Z">
          <params>
            <param index="0">
              <value>
                <![CDATA[Firefox]]>
              </value>
            </param>
          </params>
          <reporter-output>
          </reporter-output>
        </test-method> <!-- setup -->
        <test-method status="PASS" signature="testGitHubLoggedInUserCreatingRepositoryAndNewIssue()[pri:0, instance:com.github.automation.tests.GitHubTest@28d25987]" name="testGitHubLoggedInUserCreatingRepositoryAndNewIssue" duration-ms="13124" started-at="2017-12-11T00:36:37Z" finished-at="2017-12-11T00:36:50Z">
          <reporter-output>
          </reporter-output>
        </test-method> <!-- testGitHubLoggedInUserCreatingRepositoryAndNewIssue -->
        <test-method status="PASS" signature="tearDown()[pri:0, instance:com.github.automation.tests.GitHubTest@28d25987]" name="tearDown" is-config="true" duration-ms="296" started-at="2017-12-11T00:36:50Z" finished-at="2017-12-11T00:36:50Z">
          <reporter-output>
          </reporter-output>
        </test-method> <!-- tearDown -->
      </class> <!-- com.github.automation.tests.GitHubTest -->
    </test> <!-- FirefoxTest -->
  </suite> <!-- TestSuite -->
</testng-results>
